#
# A fatal error has been detected by the Java Runtime Environment:
#
#  EXCEPTION_ACCESS_VIOLATION (0xc0000005) at pc=0x00007ffbb15c3f7d, pid=1944, tid=2284
#
# JRE version: Java(TM) SE Runtime Environment (18.0.2.1+1) (build 18.0.2.1+1-1)
# Java VM: Java HotSpot(TM) 64-Bit Server VM (18.0.2.1+1-1, mixed mode, sharing, tiered, compressed oops, compressed class ptrs, g1 gc, windows-amd64)
# Problematic frame:
# C  [java.dll+0x13f7d]
#
# No core dump will be written. Minidumps are not enabled by default on client versions of Windows
#
# If you would like to submit a bug report, please visit:
#   https://bugreport.java.com/bugreport/crash.jsp
# The crash happened outside the Java Virtual Machine in native code.
# See problematic frame for where to report the bug.
#

---------------  S U M M A R Y ------------

Command Line: -XX:+ShowCodeDetailsInExceptionMessages Recursion.Asending_or_not

Host: 11th Gen Intel(R) Core(TM) i5-1135G7 @ 2.40GHz, 8 cores, 15G,  Windows 11 , 64 bit Build 22621 (10.0.22621.2506)
Time: Wed Jan  3 22:29:43 2024 India Standard Time elapsed time: 0.071068 seconds (0d 0h 0m 0s)

---------------  T H R E A D  ---------------

Current thread (0x000001d226e8ba90):  JavaThread "main" [_thread_in_native, id=2284, stack(0x000000bb1b800000,0x000000bb1b900000)]

Stack: [0x000000bb1b800000,0x000000bb1b900000],  sp=0x000000bb1b8fe488,  free space=1017k
Native frames: (J=compiled Java code, j=interpreted, Vv=VM code, C=native code)
C  [java.dll+0x13f7d]

Java frames: (J=compiled Java code, j=interpreted, Vv=VM code)
j  java.lang.ref.Reference.clear0()V+0 java.base@18.0.2.1
j  java.lang.ref.Reference.clear()V+1 java.base@18.0.2.1
j  jdk.internal.ref.PhantomCleanable.clear()V+8 java.base@18.0.2.1
j  java.io.FileDescriptor.unregisterCleanup()V+11 java.base@18.0.2.1
j  java.io.FileDescriptor.close()V+1 java.base@18.0.2.1
j  java.io.FileInputStream$1.close()V+7 java.base@18.0.2.1
j  java.io.FileDescriptor.closeAll(Ljava/io/Closeable;)V+92 java.base@18.0.2.1
j  java.io.FileInputStream.close()V+65 java.base@18.0.2.1
j  jdk.internal.loader.Resource.getBytes()[B+183 java.base@18.0.2.1
j  jdk.internal.loader.BuiltinClassLoader.defineClass(Ljava/lang/String;Ljdk/internal/loader/Resource;)Ljava/lang/Class;+84 java.base@18.0.2.1
j  jdk.internal.loader.BuiltinClassLoader.findClassOnClassPathOrNull(Ljava/lang/String;)Ljava/lang/Class;+37 java.base@18.0.2.1
j  jdk.internal.loader.BuiltinClassLoader.loadClassOrNull(Ljava/lang/String;Z)Ljava/lang/Class;+111 java.base@18.0.2.1
j  jdk.internal.loader.BuiltinClassLoader.loadClass(Ljava/lang/String;Z)Ljava/lang/Class;+3 java.base@18.0.2.1
j  jdk.internal.loader.ClassLoaders$AppClassLoader.loadClass(Ljava/lang/String;Z)Ljava/lang/Class;+36 java.base@18.0.2.1
j  java.lang.ClassLoader.loadClass(Ljava/lang/String;)Ljava/lang/Class;+3 java.base@18.0.2.1
v  ~StubRoutines::call_stub
j  java.lang.Class.forName0(Ljava/lang/String;ZLjava/lang/ClassLoader;Ljava/lang/Class;)Ljava/lang/Class;+0 java.base@18.0.2.1
j  java.lang.Class.forName(Ljava/lang/String;ZLjava/lang/ClassLoader;Ljava/lang/Class;)Ljava/lang/Class;+37 java.base@18.0.2.1
j  java.lang.Class.forName(Ljava/lang/String;ZLjava/lang/ClassLoader;)Ljava/lang/Class;+20 java.base@18.0.2.1
j  sun.launcher.LauncherHelper.loadMainClass(ILjava/lang/String;)Ljava/lang/Class;+95 java.base@18.0.2.1
j  sun.launcher.LauncherHelper.checkAndLoadMain(ZILjava/lang/String;)Ljava/lang/Class;+42 java.base@18.0.2.1
v  ~StubRoutines::call_stub

siginfo: EXCEPTION_ACCESS_VIOLATION (0xc0000005), reading address 0xffffffffffffffff


Register to memory mapping:

RIP=0x00007ffbb15c3f7d java.dll
RAX=0x00007ffbb15b5f70 java.dll
RBX={method} {0x000000080003e0f0} 'clear0' '()V' in 'java/lang/ref/Reference'
RCX=0x000001d226e8bd20 points into unknown readable memory: 0x00007ffb5ab54720 | 20 47 b5 5a fb 7f 00 00
RDX=0x000000bb1b8fe520 is pointing into the stack for thread: 0x000001d226e8ba90
RSP=0x000000bb1b8fe488 is pointing into the stack for thread: 0x000001d226e8ba90
RBP=0x000000bb1b8fe500 is pointing into the stack for thread: 0x000001d226e8ba90
RSI=0x0000000000000110 is an unknown value
RDI=0x000001d22e7c9612 is at code_begin+1394 in an Interpreter codelet
return entry points  [0x000001d22e7c90a0, 0x000001d22e7c9ba0]  2816 bytes
R8 =0x0000000000000005 is an unknown value
R9 =0x0000000000000005 is an unknown value
R10=0x000001d22e7cd5f2 is at code_begin+946 in an Interpreter codelet
method entry point (kind = native)  [0x000001d22e7cd240, 0x000001d22e7cdbc0]  2432 bytes
R11=0x0000000000000102 is an unknown value
R12=0x0 is NULL
R13=0x00000008006195b0 is pointing into metadata
R14=0x000000bb1b8fe520 is pointing into the stack for thread: 0x000001d226e8ba90
R15=0x000001d226e8ba90 is a thread


Registers:
RAX=0x00007ffbb15b5f70, RBX=0x000000080003e0e8, RCX=0x000001d226e8bd20, RDX=0x000000bb1b8fe520
RSP=0x000000bb1b8fe488, RBP=0x000000bb1b8fe500, RSI=0x0000000000000110, RDI=0x000001d22e7c9612
R8 =0x0000000000000005, R9 =0x0000000000000005, R10=0x000001d22e7cd5f2, R11=0x0000000000000102
R12=0x0000000000000000, R13=0x00000008006195b0, R14=0x000000bb1b8fe520, R15=0x000001d226e8ba90
RIP=0x00007ffbb15c3f7d, EFLAGS=0x0000000000010206

Top of Stack: (sp=0x000000bb1b8fe488)
0x000000bb1b8fe488:   000001d22e7cd621 000000080003e0e8
0x000000bb1b8fe498:   0000000000000110 000000080003d9a0
0x000000bb1b8fe4a8:   000001d226e8ba90 000001d22e7cd2f6
0x000000bb1b8fe4b8:   000000bb1b8fe4b8 00000008006195b0
0x000000bb1b8fe4c8:   000000bb1b8fe520 000000080003d468
0x000000bb1b8fe4d8:   0000000000000000 0000000714602888
0x000000bb1b8fe4e8:   000000080003e0e8 0000000000000000
0x000000bb1b8fe4f8:   000000bb1b8fe520 000000bb1b8fe570
0x000000bb1b8fe508:   000001d22e7c94fe 0000000000000000
0x000000bb1b8fe518:   000001d22e7caf78 0000000714704268
0x000000bb1b8fe528:   000000bb1b8fe528 0000000800618e99
0x000000bb1b8fe538:   000000bb1b8fe580 000000080003d468
0x000000bb1b8fe548:   0000000000000000 0000000714602888
0x000000bb1b8fe558:   000000080003d9a0 000000bb1b8fe520
0x000000bb1b8fe568:   000000bb1b8fe580 000000bb1b8fe5d0
0x000000bb1b8fe578:   000001d22e7c94fe 0000000714704268 

Instructions: (pc=0x00007ffbb15c3f7d)
0x00007ffbb15c3e7d:   97 28 00 00 ff 25 89 28 00 00 ff 25 7b 28 00 00
0x00007ffbb15c3e8d:   ff 25 6d 28 00 00 ff 25 5f 28 00 00 ff 25 51 28
0x00007ffbb15c3e9d:   00 00 ff 25 43 28 00 00 ff 25 35 28 00 00 ff 25
0x00007ffbb15c3ead:   27 28 00 00 ff 25 19 28 00 00 ff 25 0b 28 00 00
0x00007ffbb15c3ebd:   ff 25 fd 27 00 00 ff 25 ef 27 00 00 ff 25 e1 27
0x00007ffbb15c3ecd:   00 00 ff 25 d3 27 00 00 ff 25 c5 27 00 00 ff 25
0x00007ffbb15c3edd:   b7 27 00 00 ff 25 a9 27 00 00 ff 25 9b 27 00 00
0x00007ffbb15c3eed:   ff 25 8d 27 00 00 ff 25 7f 27 00 00 ff 25 71 27
0x00007ffbb15c3efd:   00 00 ff 25 63 27 00 00 ff 25 55 27 00 00 ff 25
0x00007ffbb15c3f0d:   47 27 00 00 ff 25 39 27 00 00 ff 25 2b 27 00 00
0x00007ffbb15c3f1d:   ff 25 1d 27 00 00 ff 25 0f 27 00 00 ff 25 01 27
0x00007ffbb15c3f2d:   00 00 ff 25 f3 26 00 00 ff 25 e5 26 00 00 ff 25
0x00007ffbb15c3f3d:   d7 26 00 00 ff 25 c9 26 00 00 ff 25 bb 26 00 00
0x00007ffbb15c3f4d:   ff 25 ad 26 00 00 ff 25 9f 26 00 00 ff 25 91 26
0x00007ffbb15c3f5d:   00 00 ff 25 83 26 00 00 ff 25 75 26 00 00 ff 25
0x00007ffbb15c3f6d:   67 26 00 00 ff 25 59 26 00 00 ff 25 23 28 00 00
0x00007ffbb15c3f7d:   ff 65 35 29 00 00 ff 25 37 29 00 00 ff 25 39 29
0x00007ffbb15c3f8d:   00 00 ff 25 3b 29 00 00 ff 25 3d 29 00 00 ff 25
0x00007ffbb15c3f9d:   3f 29 00 00 ff 25 41 29 00 00 ff 25 43 29 00 00
0x00007ffbb15c3fad:   ff 25 45 29 00 00 ff 25 47 29 00 00 ff 25 49 29
0x00007ffbb15c3fbd:   00 00 ff 25 4b 29 00 00 ff 25 4d 29 00 00 ff 25
0x00007ffbb15c3fcd:   4f 29 00 00 ff 25 51 29 00 00 ff 25 53 29 00 00
0x00007ffbb15c3fdd:   ff 25 55 29 00 00 ff 25 6f 29 00 00 ff 25 71 29
0x00007ffbb15c3fed:   00 00 ff 25 73 29 00 00 ff 25 85 29 00 00 ff 25
0x00007ffbb15c3ffd:   9f 29 00 00 ff 25 a1 29 00 00 ff 25 bb 29 00 00
0x00007ffbb15c400d:   ff 25 2d 2a 00 00 ff 25 37 27 00 00 ff 25 89 28
0x00007ffbb15c401d:   00 00 ff 25 8b 28 00 00 ff 25 1d 29 00 00 ff 25
0x00007ffbb15c402d:   1f 29 00 00 ff 25 39 29 00 00 ff 25 3b 29 00 00
0x00007ffbb15c403d:   ff 25 45 29 00 00 ff 25 77 29 00 00 ff 25 81 29
0x00007ffbb15c404d:   00 00 ff 25 83 29 00 00 ff 25 85 29 00 00 ff 25
0x00007ffbb15c405d:   87 29 00 00 ff 25 89 29 00 00 ff 25 8b 29 00 00
0x00007ffbb15c406d:   ff 25 8d 29 00 00 ff 25 8f 29 00 00 ff 25 91 29 


Stack slot to memory mapping:
stack at sp + 0 slots: 0x000001d22e7cd621 is at code_begin+993 in an Interpreter codelet
method entry point (kind = native)  [0x000001d22e7cd240, 0x000001d22e7cdbc0]  2432 bytes
stack at sp + 1 slots: {method} {0x000000080003e0f0} 'clear0' '()V' in 'java/lang/ref/Reference'
stack at sp + 2 slots: 0x0000000000000110 is an unknown value
stack at sp + 3 slots: {method} {0x000000080003d9a8} 'clear' '()V' in 'java/lang/ref/Reference'
stack at sp + 4 slots: 0x000001d226e8ba90 is a thread
stack at sp + 5 slots: 0x000001d22e7cd2f6 is at code_begin+182 in an Interpreter codelet
method entry point (kind = native)  [0x000001d22e7cd240, 0x000001d22e7cdbc0]  2432 bytes
stack at sp + 6 slots: 0x000000bb1b8fe4b8 is pointing into the stack for thread: 0x000001d226e8ba90
stack at sp + 7 slots: 0x00000008006195b0 is pointing into metadata


---------------  P R O C E S S  ---------------

Threads class SMR info:
_java_thread_list=0x000001d24dcb3860, length=12, elements={
0x000001d226e8ba90, 0x000001d249a1aff0, 0x000001d249a1b990, 0x000001d249a373f0,
0x000001d249a37d90, 0x000001d249a3a740, 0x000001d249a3b0e0, 0x000001d249a3bdb0,
0x000001d249a3c790, 0x000001d249a40670, 0x000001d24dcb5b50, 0x000001d24dcba4a0
}

Java Threads: ( => current thread )
=>0x000001d226e8ba90 JavaThread "main" [_thread_in_native, id=2284, stack(0x000000bb1b800000,0x000000bb1b900000)]
  0x000001d249a1aff0 JavaThread "Reference Handler" daemon [_thread_blocked, id=6344, stack(0x000000bb1bf00000,0x000000bb1c000000)]
  0x000001d249a1b990 JavaThread "Finalizer" daemon [_thread_blocked, id=3028, stack(0x000000bb1c000000,0x000000bb1c100000)]
  0x000001d249a373f0 JavaThread "Signal Dispatcher" daemon [_thread_blocked, id=14112, stack(0x000000bb1c100000,0x000000bb1c200000)]
  0x000001d249a37d90 JavaThread "Attach Listener" daemon [_thread_blocked, id=2604, stack(0x000000bb1c200000,0x000000bb1c300000)]
  0x000001d249a3a740 JavaThread "Service Thread" daemon [_thread_blocked, id=11060, stack(0x000000bb1c300000,0x000000bb1c400000)]
  0x000001d249a3b0e0 JavaThread "Monitor Deflation Thread" daemon [_thread_blocked, id=12100, stack(0x000000bb1c400000,0x000000bb1c500000)]
  0x000001d249a3bdb0 JavaThread "C2 CompilerThread0" daemon [_thread_blocked, id=6316, stack(0x000000bb1c500000,0x000000bb1c600000)]
  0x000001d249a3c790 JavaThread "C1 CompilerThread0" daemon [_thread_blocked, id=2924, stack(0x000000bb1c600000,0x000000bb1c700000)]
  0x000001d249a40670 JavaThread "Sweeper thread" daemon [_thread_blocked, id=11432, stack(0x000000bb1c700000,0x000000bb1c800000)]
  0x000001d24dcb5b50 JavaThread "Notification Thread" daemon [_thread_blocked, id=10808, stack(0x000000bb1c800000,0x000000bb1c900000)]
  0x000001d24dcba4a0 JavaThread "Common-Cleaner" daemon [_thread_blocked, id=9404, stack(0x000000bb1ca00000,0x000000bb1cb00000)]

Other Threads:
  0x000001d249a18790 VMThread "VM Thread" [stack: 0x000000bb1be00000,0x000000bb1bf00000] [id=13532]
  0x000001d24dcb6c30 WatcherThread "VM Periodic Task Thread" [stack: 0x000000bb1c900000,0x000000bb1ca00000] [id=17076]
  0x000001d226efcfe0 WorkerThread "GC Thread#0" [stack: 0x000000bb1b900000,0x000000bb1ba00000] [id=5216]
  0x000001d226f0da50 ConcurrentGCThread "G1 Main Marker" [stack: 0x000000bb1ba00000,0x000000bb1bb00000] [id=12132]
  0x000001d226f0fbf0 WorkerThread "G1 Conc#0" [stack: 0x000000bb1bb00000,0x000000bb1bc00000] [id=6808]
  0x000001d226f4e690 ConcurrentGCThread "G1 Refine#0" [stack: 0x000000bb1bc00000,0x000000bb1bd00000] [id=14500]
  0x000001d2498d2110 ConcurrentGCThread "G1 Service" [stack: 0x000000bb1bd00000,0x000000bb1be00000] [id=2868]

Threads with active compile tasks:

VM state: not at safepoint (normal execution)

VM Mutex/Monitor currently owned by a thread: None

Heap address: 0x0000000704c00000, size: 4020 MB, Compressed Oops mode: Zero based, Oop shift amount: 3

CDS archive(s) mapped at: [0x0000000800000000-0x0000000800ba0000-0x0000000800ba0000), size 12189696, SharedBaseAddress: 0x0000000800000000, ArchiveRelocationMode: 0.
Compressed class space mapped at: 0x0000000800c00000-0x0000000840c00000, reserved size: 1073741824
Narrow klass base: 0x0000000800000000, Narrow klass shift: 0, Narrow klass range: 0x100000000

GC Precious Log:
 CardTable entry size: 512
 Card Set container configuration: InlinePtr #cards 4 size 8 Array Of Cards #cards 16 size 48 Howl #buckets 8 coarsen threshold 3686 Howl Bitmap #cards 512 size 80 coarsen threshold 460 Card regions per heap region 1 cards per card region 4096
 CPUs: 8 total, 8 available
 Memory: 16077M
 Large Page Support: Disabled
 NUMA Support: Disabled
 Compressed Oops: Enabled (Zero based)
 Heap Region Size: 2M
 Heap Min Capacity: 8M
 Heap Initial Capacity: 252M
 Heap Max Capacity: 4020M
 Pre-touch: Disabled
 Parallel Workers: 8
 Concurrent Workers: 2
 Concurrent Refinement Workers: 8
 Periodic GC: Disabled

Heap:
 garbage-first heap   total 258048K, used 0K [0x0000000704c00000, 0x0000000800000000)
  region size 2048K, 1 young (2048K), 0 survivors (0K)
 Metaspace       used 145K, committed 256K, reserved 1114112K
  class space    used 5K, committed 64K, reserved 1048576K

Heap Regions: E=young(eden), S=young(survivor), O=old, HS=humongous(starts), HC=humongous(continues), CS=collection set, F=free, OA=open archive, CA=closed archive, TAMS=top-at-mark-start (previous, next)
|   0|0x0000000704c00000, 0x0000000704c00000, 0x0000000704e00000|  0%| F|  |TAMS 0x0000000704c00000, 0x0000000704c00000| Untracked 
|   1|0x0000000704e00000, 0x0000000704e00000, 0x0000000705000000|  0%| F|  |TAMS 0x0000000704e00000, 0x0000000704e00000| Untracked 
|   2|0x0000000705000000, 0x0000000705000000, 0x0000000705200000|  0%| F|  |TAMS 0x0000000705000000, 0x0000000705000000| Untracked 
|   3|0x0000000705200000, 0x0000000705200000, 0x0000000705400000|  0%| F|  |TAMS 0x0000000705200000, 0x0000000705200000| Untracked 
|   4|0x0000000705400000, 0x0000000705400000, 0x0000000705600000|  0%| F|  |TAMS 0x0000000705400000, 0x0000000705400000| Untracked 
|   5|0x0000000705600000, 0x0000000705600000, 0x0000000705800000|  0%| F|  |TAMS 0x0000000705600000, 0x0000000705600000| Untracked 
|   6|0x0000000705800000, 0x0000000705800000, 0x0000000705a00000|  0%| F|  |TAMS 0x0000000705800000, 0x0000000705800000| Untracked 
|   7|0x0000000705a00000, 0x0000000705a00000, 0x0000000705c00000|  0%| F|  |TAMS 0x0000000705a00000, 0x0000000705a00000| Untracked 
|   8|0x0000000705c00000, 0x0000000705c00000, 0x0000000705e00000|  0%| F|  |TAMS 0x0000000705c00000, 0x0000000705c00000| Untracked 
|   9|0x0000000705e00000, 0x0000000705e00000, 0x0000000706000000|  0%| F|  |TAMS 0x0000000705e00000, 0x0000000705e00000| Untracked 
|  10|0x0000000706000000, 0x0000000706000000, 0x0000000706200000|  0%| F|  |TAMS 0x0000000706000000, 0x0000000706000000| Untracked 
|  11|0x0000000706200000, 0x0000000706200000, 0x0000000706400000|  0%| F|  |TAMS 0x0000000706200000, 0x0000000706200000| Untracked 
|  12|0x0000000706400000, 0x0000000706400000, 0x0000000706600000|  0%| F|  |TAMS 0x0000000706400000, 0x0000000706400000| Untracked 
|  13|0x0000000706600000, 0x0000000706600000, 0x0000000706800000|  0%| F|  |TAMS 0x0000000706600000, 0x0000000706600000| Untracked 
|  14|0x0000000706800000, 0x0000000706800000, 0x0000000706a00000|  0%| F|  |TAMS 0x0000000706800000, 0x0000000706800000| Untracked 
|  15|0x0000000706a00000, 0x0000000706a00000, 0x0000000706c00000|  0%| F|  |TAMS 0x0000000706a00000, 0x0000000706a00000| Untracked 
|  16|0x0000000706c00000, 0x0000000706c00000, 0x0000000706e00000|  0%| F|  |TAMS 0x0000000706c00000, 0x0000000706c00000| Untracked 
|  17|0x0000000706e00000, 0x0000000706e00000, 0x0000000707000000|  0%| F|  |TAMS 0x0000000706e00000, 0x0000000706e00000| Untracked 
|  18|0x0000000707000000, 0x0000000707000000, 0x0000000707200000|  0%| F|  |TAMS 0x0000000707000000, 0x0000000707000000| Untracked 
|  19|0x0000000707200000, 0x0000000707200000, 0x0000000707400000|  0%| F|  |TAMS 0x0000000707200000, 0x0000000707200000| Untracked 
|  20|0x0000000707400000, 0x0000000707400000, 0x0000000707600000|  0%| F|  |TAMS 0x0000000707400000, 0x0000000707400000| Untracked 
|  21|0x0000000707600000, 0x0000000707600000, 0x0000000707800000|  0%| F|  |TAMS 0x0000000707600000, 0x0000000707600000| Untracked 
|  22|0x0000000707800000, 0x0000000707800000, 0x0000000707a00000|  0%| F|  |TAMS 0x0000000707800000, 0x0000000707800000| Untracked 
|  23|0x0000000707a00000, 0x0000000707a00000, 0x0000000707c00000|  0%| F|  |TAMS 0x0000000707a00000, 0x0000000707a00000| Untracked 
|  24|0x0000000707c00000, 0x0000000707c00000, 0x0000000707e00000|  0%| F|  |TAMS 0x0000000707c00000, 0x0000000707c00000| Untracked 
|  25|0x0000000707e00000, 0x0000000707e00000, 0x0000000708000000|  0%| F|  |TAMS 0x0000000707e00000, 0x0000000707e00000| Untracked 
|  26|0x0000000708000000, 0x0000000708000000, 0x0000000708200000|  0%| F|  |TAMS 0x0000000708000000, 0x0000000708000000| Untracked 
|  27|0x0000000708200000, 0x0000000708200000, 0x0000000708400000|  0%| F|  |TAMS 0x0000000708200000, 0x0000000708200000| Untracked 
|  28|0x0000000708400000, 0x0000000708400000, 0x0000000708600000|  0%| F|  |TAMS 0x0000000708400000, 0x0000000708400000| Untracked 
|  29|0x0000000708600000, 0x0000000708600000, 0x0000000708800000|  0%| F|  |TAMS 0x0000000708600000, 0x0000000708600000| Untracked 
|  30|0x0000000708800000, 0x0000000708800000, 0x0000000708a00000|  0%| F|  |TAMS 0x0000000708800000, 0x0000000708800000| Untracked 
|  31|0x0000000708a00000, 0x0000000708a00000, 0x0000000708c00000|  0%| F|  |TAMS 0x0000000708a00000, 0x0000000708a00000| Untracked 
|  32|0x0000000708c00000, 0x0000000708c00000, 0x0000000708e00000|  0%| F|  |TAMS 0x0000000708c00000, 0x0000000708c00000| Untracked 
|  33|0x0000000708e00000, 0x0000000708e00000, 0x0000000709000000|  0%| F|  |TAMS 0x0000000708e00000, 0x0000000708e00000| Untracked 
|  34|0x0000000709000000, 0x0000000709000000, 0x0000000709200000|  0%| F|  |TAMS 0x0000000709000000, 0x0000000709000000| Untracked 
|  35|0x0000000709200000, 0x0000000709200000, 0x0000000709400000|  0%| F|  |TAMS 0x0000000709200000, 0x0000000709200000| Untracked 
|  36|0x0000000709400000, 0x0000000709400000, 0x0000000709600000|  0%| F|  |TAMS 0x0000000709400000, 0x0000000709400000| Untracked 
|  37|0x0000000709600000, 0x0000000709600000, 0x0000000709800000|  0%| F|  |TAMS 0x0000000709600000, 0x0000000709600000| Untracked 
|  38|0x0000000709800000, 0x0000000709800000, 0x0000000709a00000|  0%| F|  |TAMS 0x0000000709800000, 0x0000000709800000| Untracked 
|  39|0x0000000709a00000, 0x0000000709a00000, 0x0000000709c00000|  0%| F|  |TAMS 0x0000000709a00000, 0x0000000709a00000| Untracked 
|  40|0x0000000709c00000, 0x0000000709c00000, 0x0000000709e00000|  0%| F|  |TAMS 0x0000000709c00000, 0x0000000709c00000| Untracked 
|  41|0x0000000709e00000, 0x0000000709e00000, 0x000000070a000000|  0%| F|  |TAMS 0x0000000709e00000, 0x0000000709e00000| Untracked 
|  42|0x000000070a000000, 0x000000070a000000, 0x000000070a200000|  0%| F|  |TAMS 0x000000070a000000, 0x000000070a000000| Untracked 
|  43|0x000000070a200000, 0x000000070a200000, 0x000000070a400000|  0%| F|  |TAMS 0x000000070a200000, 0x000000070a200000| Untracked 
|  44|0x000000070a400000, 0x000000070a400000, 0x000000070a600000|  0%| F|  |TAMS 0x000000070a400000, 0x000000070a400000| Untracked 
|  45|0x000000070a600000, 0x000000070a600000, 0x000000070a800000|  0%| F|  |TAMS 0x000000070a600000, 0x000000070a600000| Untracked 
|  46|0x000000070a800000, 0x000000070a800000, 0x000000070aa00000|  0%| F|  |TAMS 0x000000070a800000, 0x000000070a800000| Untracked 
|  47|0x000000070aa00000, 0x000000070aa00000, 0x000000070ac00000|  0%| F|  |TAMS 0x000000070aa00000, 0x000000070aa00000| Untracked 
|  48|0x000000070ac00000, 0x000000070ac00000, 0x000000070ae00000|  0%| F|  |TAMS 0x000000070ac00000, 0x000000070ac00000| Untracked 
|  49|0x000000070ae00000, 0x000000070ae00000, 0x000000070b000000|  0%| F|  |TAMS 0x000000070ae00000, 0x000000070ae00000| Untracked 
|  50|0x000000070b000000, 0x000000070b000000, 0x000000070b200000|  0%| F|  |TAMS 0x000000070b000000, 0x000000070b000000| Untracked 
|  51|0x000000070b200000, 0x000000070b200000, 0x000000070b400000|  0%| F|  |TAMS 0x000000070b200000, 0x000000070b200000| Untracked 
|  52|0x000000070b400000, 0x000000070b400000, 0x000000070b600000|  0%| F|  |TAMS 0x000000070b400000, 0x000000070b400000| Untracked 
|  53|0x000000070b600000, 0x000000070b600000, 0x000000070b800000|  0%| F|  |TAMS 0x000000070b600000, 0x000000070b600000| Untracked 
|  54|0x000000070b800000, 0x000000070b800000, 0x000000070ba00000|  0%| F|  |TAMS 0x000000070b800000, 0x000000070b800000| Untracked 
|  55|0x000000070ba00000, 0x000000070ba00000, 0x000000070bc00000|  0%| F|  |TAMS 0x000000070ba00000, 0x000000070ba00000| Untracked 
|  56|0x000000070bc00000, 0x000000070bc00000, 0x000000070be00000|  0%| F|  |TAMS 0x000000070bc00000, 0x000000070bc00000| Untracked 
|  57|0x000000070be00000, 0x000000070be00000, 0x000000070c000000|  0%| F|  |TAMS 0x000000070be00000, 0x000000070be00000| Untracked 
|  58|0x000000070c000000, 0x000000070c000000, 0x000000070c200000|  0%| F|  |TAMS 0x000000070c000000, 0x000000070c000000| Untracked 
|  59|0x000000070c200000, 0x000000070c200000, 0x000000070c400000|  0%| F|  |TAMS 0x000000070c200000, 0x000000070c200000| Untracked 
|  60|0x000000070c400000, 0x000000070c400000, 0x000000070c600000|  0%| F|  |TAMS 0x000000070c400000, 0x000000070c400000| Untracked 
|  61|0x000000070c600000, 0x000000070c600000, 0x000000070c800000|  0%| F|  |TAMS 0x000000070c600000, 0x000000070c600000| Untracked 
|  62|0x000000070c800000, 0x000000070c800000, 0x000000070ca00000|  0%| F|  |TAMS 0x000000070c800000, 0x000000070c800000| Untracked 
|  63|0x000000070ca00000, 0x000000070ca00000, 0x000000070cc00000|  0%| F|  |TAMS 0x000000070ca00000, 0x000000070ca00000| Untracked 
|  64|0x000000070cc00000, 0x000000070cc00000, 0x000000070ce00000|  0%| F|  |TAMS 0x000000070cc00000, 0x000000070cc00000| Untracked 
|  65|0x000000070ce00000, 0x000000070ce00000, 0x000000070d000000|  0%| F|  |TAMS 0x000000070ce00000, 0x000000070ce00000| Untracked 
|  66|0x000000070d000000, 0x000000070d000000, 0x000000070d200000|  0%| F|  |TAMS 0x000000070d000000, 0x000000070d000000| Untracked 
|  67|0x000000070d200000, 0x000000070d200000, 0x000000070d400000|  0%| F|  |TAMS 0x000000070d200000, 0x000000070d200000| Untracked 
|  68|0x000000070d400000, 0x000000070d400000, 0x000000070d600000|  0%| F|  |TAMS 0x000000070d400000, 0x000000070d400000| Untracked 
|  69|0x000000070d600000, 0x000000070d600000, 0x000000070d800000|  0%| F|  |TAMS 0x000000070d600000, 0x000000070d600000| Untracked 
|  70|0x000000070d800000, 0x000000070d800000, 0x000000070da00000|  0%| F|  |TAMS 0x000000070d800000, 0x000000070d800000| Untracked 
|  71|0x000000070da00000, 0x000000070da00000, 0x000000070dc00000|  0%| F|  |TAMS 0x000000070da00000, 0x000000070da00000| Untracked 
|  72|0x000000070dc00000, 0x000000070dc00000, 0x000000070de00000|  0%| F|  |TAMS 0x000000070dc00000, 0x000000070dc00000| Untracked 
|  73|0x000000070de00000, 0x000000070de00000, 0x000000070e000000|  0%| F|  |TAMS 0x000000070de00000, 0x000000070de00000| Untracked 
|  74|0x000000070e000000, 0x000000070e000000, 0x000000070e200000|  0%| F|  |TAMS 0x000000070e000000, 0x000000070e000000| Untracked 
|  75|0x000000070e200000, 0x000000070e200000, 0x000000070e400000|  0%| F|  |TAMS 0x000000070e200000, 0x000000070e200000| Untracked 
|  76|0x000000070e400000, 0x000000070e400000, 0x000000070e600000|  0%| F|  |TAMS 0x000000070e400000, 0x000000070e400000| Untracked 
|  77|0x000000070e600000, 0x000000070e600000, 0x000000070e800000|  0%| F|  |TAMS 0x000000070e600000, 0x000000070e600000| Untracked 
|  78|0x000000070e800000, 0x000000070e800000, 0x000000070ea00000|  0%| F|  |TAMS 0x000000070e800000, 0x000000070e800000| Untracked 
|  79|0x000000070ea00000, 0x000000070ea00000, 0x000000070ec00000|  0%| F|  |TAMS 0x000000070ea00000, 0x000000070ea00000| Untracked 
|  80|0x000000070ec00000, 0x000000070ec00000, 0x000000070ee00000|  0%| F|  |TAMS 0x000000070ec00000, 0x000000070ec00000| Untracked 
|  81|0x000000070ee00000, 0x000000070ee00000, 0x000000070f000000|  0%| F|  |TAMS 0x000000070ee00000, 0x000000070ee00000| Untracked 
|  82|0x000000070f000000, 0x000000070f000000, 0x000000070f200000|  0%| F|  |TAMS 0x000000070f000000, 0x000000070f000000| Untracked 
|  83|0x000000070f200000, 0x000000070f200000, 0x000000070f400000|  0%| F|  |TAMS 0x000000070f200000, 0x000000070f200000| Untracked 
|  84|0x000000070f400000, 0x000000070f400000, 0x000000070f600000|  0%| F|  |TAMS 0x000000070f400000, 0x000000070f400000| Untracked 
|  85|0x000000070f600000, 0x000000070f600000, 0x000000070f800000|  0%| F|  |TAMS 0x000000070f600000, 0x000000070f600000| Untracked 
|  86|0x000000070f800000, 0x000000070f800000, 0x000000070fa00000|  0%| F|  |TAMS 0x000000070f800000, 0x000000070f800000| Untracked 
|  87|0x000000070fa00000, 0x000000070fa00000, 0x000000070fc00000|  0%| F|  |TAMS 0x000000070fa00000, 0x000000070fa00000| Untracked 
|  88|0x000000070fc00000, 0x000000070fc00000, 0x000000070fe00000|  0%| F|  |TAMS 0x000000070fc00000, 0x000000070fc00000| Untracked 
|  89|0x000000070fe00000, 0x000000070fe00000, 0x0000000710000000|  0%| F|  |TAMS 0x000000070fe00000, 0x000000070fe00000| Untracked 
|  90|0x0000000710000000, 0x0000000710000000, 0x0000000710200000|  0%| F|  |TAMS 0x0000000710000000, 0x0000000710000000| Untracked 
|  91|0x0000000710200000, 0x0000000710200000, 0x0000000710400000|  0%| F|  |TAMS 0x0000000710200000, 0x0000000710200000| Untracked 
|  92|0x0000000710400000, 0x0000000710400000, 0x0000000710600000|  0%| F|  |TAMS 0x0000000710400000, 0x0000000710400000| Untracked 
|  93|0x0000000710600000, 0x0000000710600000, 0x0000000710800000|  0%| F|  |TAMS 0x0000000710600000, 0x0000000710600000| Untracked 
|  94|0x0000000710800000, 0x0000000710800000, 0x0000000710a00000|  0%| F|  |TAMS 0x0000000710800000, 0x0000000710800000| Untracked 
|  95|0x0000000710a00000, 0x0000000710a00000, 0x0000000710c00000|  0%| F|  |TAMS 0x0000000710a00000, 0x0000000710a00000| Untracked 
|  96|0x0000000710c00000, 0x0000000710c00000, 0x0000000710e00000|  0%| F|  |TAMS 0x0000000710c00000, 0x0000000710c00000| Untracked 
|  97|0x0000000710e00000, 0x0000000710e00000, 0x0000000711000000|  0%| F|  |TAMS 0x0000000710e00000, 0x0000000710e00000| Untracked 
|  98|0x0000000711000000, 0x0000000711000000, 0x0000000711200000|  0%| F|  |TAMS 0x0000000711000000, 0x0000000711000000| Untracked 
|  99|0x0000000711200000, 0x0000000711200000, 0x0000000711400000|  0%| F|  |TAMS 0x0000000711200000, 0x0000000711200000| Untracked 
| 100|0x0000000711400000, 0x0000000711400000, 0x0000000711600000|  0%| F|  |TAMS 0x0000000711400000, 0x0000000711400000| Untracked 
| 101|0x0000000711600000, 0x0000000711600000, 0x0000000711800000|  0%| F|  |TAMS 0x0000000711600000, 0x0000000711600000| Untracked 
| 102|0x0000000711800000, 0x0000000711800000, 0x0000000711a00000|  0%| F|  |TAMS 0x0000000711800000, 0x0000000711800000| Untracked 
| 103|0x0000000711a00000, 0x0000000711a00000, 0x0000000711c00000|  0%| F|  |TAMS 0x0000000711a00000, 0x0000000711a00000| Untracked 
| 104|0x0000000711c00000, 0x0000000711c00000, 0x0000000711e00000|  0%| F|  |TAMS 0x0000000711c00000, 0x0000000711c00000| Untracked 
| 105|0x0000000711e00000, 0x0000000711e00000, 0x0000000712000000|  0%| F|  |TAMS 0x0000000711e00000, 0x0000000711e00000| Untracked 
| 106|0x0000000712000000, 0x0000000712000000, 0x0000000712200000|  0%| F|  |TAMS 0x0000000712000000, 0x0000000712000000| Untracked 
| 107|0x0000000712200000, 0x0000000712200000, 0x0000000712400000|  0%| F|  |TAMS 0x0000000712200000, 0x0000000712200000| Untracked 
| 108|0x0000000712400000, 0x0000000712400000, 0x0000000712600000|  0%| F|  |TAMS 0x0000000712400000, 0x0000000712400000| Untracked 
| 109|0x0000000712600000, 0x0000000712600000, 0x0000000712800000|  0%| F|  |TAMS 0x0000000712600000, 0x0000000712600000| Untracked 
| 110|0x0000000712800000, 0x0000000712800000, 0x0000000712a00000|  0%| F|  |TAMS 0x0000000712800000, 0x0000000712800000| Untracked 
| 111|0x0000000712a00000, 0x0000000712a00000, 0x0000000712c00000|  0%| F|  |TAMS 0x0000000712a00000, 0x0000000712a00000| Untracked 
| 112|0x0000000712c00000, 0x0000000712c00000, 0x0000000712e00000|  0%| F|  |TAMS 0x0000000712c00000, 0x0000000712c00000| Untracked 
| 113|0x0000000712e00000, 0x0000000712e00000, 0x0000000713000000|  0%| F|  |TAMS 0x0000000712e00000, 0x0000000712e00000| Untracked 
| 114|0x0000000713000000, 0x0000000713000000, 0x0000000713200000|  0%| F|  |TAMS 0x0000000713000000, 0x0000000713000000| Untracked 
| 115|0x0000000713200000, 0x0000000713200000, 0x0000000713400000|  0%| F|  |TAMS 0x0000000713200000, 0x0000000713200000| Untracked 
| 116|0x0000000713400000, 0x0000000713400000, 0x0000000713600000|  0%| F|  |TAMS 0x0000000713400000, 0x0000000713400000| Untracked 
| 117|0x0000000713600000, 0x0000000713600000, 0x0000000713800000|  0%| F|  |TAMS 0x0000000713600000, 0x0000000713600000| Untracked 
| 118|0x0000000713800000, 0x0000000713800000, 0x0000000713a00000|  0%| F|  |TAMS 0x0000000713800000, 0x0000000713800000| Untracked 
| 119|0x0000000713a00000, 0x0000000713a00000, 0x0000000713c00000|  0%| F|  |TAMS 0x0000000713a00000, 0x0000000713a00000| Untracked 
| 120|0x0000000713c00000, 0x0000000713c00000, 0x0000000713e00000|  0%| F|  |TAMS 0x0000000713c00000, 0x0000000713c00000| Untracked 
| 121|0x0000000713e00000, 0x0000000713e00000, 0x0000000714000000|  0%| F|  |TAMS 0x0000000713e00000, 0x0000000713e00000| Untracked 
| 122|0x0000000714000000, 0x0000000714000000, 0x0000000714200000|  0%| F|  |TAMS 0x0000000714000000, 0x0000000714000000| Untracked 
| 123|0x0000000714200000, 0x0000000714200000, 0x0000000714400000|  0%| F|  |TAMS 0x0000000714200000, 0x0000000714200000| Untracked 
| 124|0x0000000714400000, 0x0000000714400000, 0x0000000714600000|  0%| F|  |TAMS 0x0000000714400000, 0x0000000714400000| Untracked 
| 125|0x0000000714600000, 0x00000007147c2a00, 0x0000000714800000| 88%| E|  |TAMS 0x0000000714600000, 0x0000000714600000| Complete 

Card table byte_map: [0x000001d23e2d0000,0x000001d23eab0000] _byte_map_base: 0x000001d23aaaa000

Marking Bits (Prev, Next): (CMBitMap*) 0x000001d226efd5e0, (CMBitMap*) 0x000001d226efd620
 Prev Bits: [0x000001d23f290000, 0x000001d243160000)
 Next Bits: [0x000001d243160000, 0x000001d247030000)

Polling page: 0x000001d226650000

Metaspace:

Usage:
  Non-class:    139.96 KB used.
      Class:      5.18 KB used.
       Both:    145.14 KB used.

Virtual space:
  Non-class space:       64.00 MB reserved,     192.00 KB ( <1%) committed,  1 nodes.
      Class space:        1.00 GB reserved,      64.00 KB ( <1%) committed,  1 nodes.
             Both:        1.06 GB reserved,     256.00 KB ( <1%) committed. 

Chunk freelists:
   Non-Class:  0 bytes
       Class:  3.75 MB
        Both:  3.75 MB

MaxMetaspaceSize: unlimited
CompressedClassSpaceSize: 1.00 GB
Initial GC threshold: 21.00 MB
Current GC threshold: 21.00 MB
CDS: on
MetaspaceReclaimPolicy: balanced
 - commit_granule_bytes: 65536.
 - commit_granule_words: 8192.
 - virtual_space_node_default_size: 8388608.
 - enlarge_chunks_in_place: 1.
 - new_chunks_are_fully_committed: 0.
 - uncommit_free_chunks: 1.
 - use_allocation_guard: 0.


Internal statistics:

num_allocs_failed_limit: 0.
num_arena_births: 2.
num_arena_deaths: 0.
num_vsnodes_births: 2.
num_vsnodes_deaths: 0.
num_space_committed: 4.
num_space_uncommitted: 0.
num_chunks_returned_to_freelist: 0.
num_chunks_taken_from_freelist: 3.
num_chunk_merges: 0.
num_chunk_splits: 1.
num_chunks_enlarged: 0.
num_inconsistent_stats: 0.

CodeHeap 'non-profiled nmethods': size=120000Kb used=11Kb max_used=11Kb free=119988Kb
 bounds [0x000001d236290000, 0x000001d236500000, 0x000001d23d7c0000]
CodeHeap 'profiled nmethods': size=120000Kb used=77Kb max_used=77Kb free=119922Kb
 bounds [0x000001d22ed60000, 0x000001d22efd0000, 0x000001d236290000]
CodeHeap 'non-nmethods': size=5760Kb used=1056Kb max_used=1068Kb free=4703Kb
 bounds [0x000001d22e7c0000, 0x000001d22ea30000, 0x000001d22ed60000]
 total_blobs=350 nmethods=60 adapters=203
 compilation: enabled
              stopped_count=0, restarted_count=0
 full_count=0

Compilation events (20 events):
Event: 0.056 Thread 0x000001d249a3c790   55       1       java.util.ImmutableCollections$Set12::isEmpty (2 bytes)
Event: 0.056 Thread 0x000001d249a3c790 nmethod 55 0x000001d236292490 code [0x000001d236292620, 0x000001d2362926f8]
Event: 0.056 Thread 0x000001d249a3c790   53       1       java.lang.module.ResolvedModule::configuration (5 bytes)
Event: 0.056 Thread 0x000001d249a3c790 nmethod 53 0x000001d236292790 code [0x000001d236292920, 0x000001d2362929f8]
Event: 0.056 Thread 0x000001d249a3c790   41       3       java.util.concurrent.ConcurrentHashMap::putIfAbsent (8 bytes)
Event: 0.056 Thread 0x000001d249a3c790 nmethod 41 0x000001d22ed71c90 code [0x000001d22ed71e20, 0x000001d22ed71f68]
Event: 0.056 Thread 0x000001d249a3c790   43       3       java.util.concurrent.ConcurrentHashMap::casTabAt (21 bytes)
Event: 0.056 Thread 0x000001d249a3c790 nmethod 43 0x000001d22ed72010 code [0x000001d22ed721a0, 0x000001d22ed72318]
Event: 0.056 Thread 0x000001d249a3c790   56       3       java.lang.StringUTF16::getChar (60 bytes)
Event: 0.056 Thread 0x000001d249a3c790 nmethod 56 0x000001d22ed72390 code [0x000001d22ed72520, 0x000001d22ed72698]
Event: 0.056 Thread 0x000001d249a3c790   54       1       java.lang.module.ModuleDescriptor$Exports::targets (5 bytes)
Event: 0.056 Thread 0x000001d249a3c790 nmethod 54 0x000001d236292a90 code [0x000001d236292c20, 0x000001d236292cf8]
Event: 0.057 Thread 0x000001d249a3c790   59       3       java.lang.AbstractStringBuilder::isLatin1 (19 bytes)
Event: 0.057 Thread 0x000001d249a3c790 nmethod 59 0x000001d22ed72790 code [0x000001d22ed72920, 0x000001d22ed72a98]
Event: 0.057 Thread 0x000001d249a3c790   57       3       java.lang.AbstractStringBuilder::ensureCapacityInternal (39 bytes)
Event: 0.058 Thread 0x000001d249a3c790 nmethod 57 0x000001d22ed72b10 code [0x000001d22ed72cc0, 0x000001d22ed72ef8]
Event: 0.058 Thread 0x000001d249a3c790   58       3       java.lang.StringLatin1::canEncode (13 bytes)
Event: 0.058 Thread 0x000001d249a3c790 nmethod 58 0x000001d22ed73010 code [0x000001d22ed731a0, 0x000001d22ed732f8]
Event: 0.058 Thread 0x000001d249a3c790   60       3       java.lang.String::isEmpty (14 bytes)
Event: 0.058 Thread 0x000001d249a3c790 nmethod 60 0x000001d22ed73390 code [0x000001d22ed73520, 0x000001d22ed73698]

GC Heap History (0 events):
No events

Deoptimization events (0 events):
No events

Classes loaded (10 events):
Event: 0.033 Loading class sun/nio/cs/IBM437
Event: 0.033 Loading class sun/nio/cs/IBM437 done
Event: 0.034 Loading class sun/nio/cs/IBM437$Holder
Event: 0.034 Loading class sun/nio/cs/IBM437$Holder done
Event: 0.057 Loading class jdk/internal/loader/URLClassPath$FileLoader
Event: 0.057 Loading class jdk/internal/loader/URLClassPath$FileLoader done
Event: 0.057 Loading class sun/nio/cs/UTF_8$Decoder
Event: 0.057 Loading class sun/nio/cs/UTF_8$Decoder done
Event: 0.058 Loading class jdk/internal/loader/URLClassPath$FileLoader$1
Event: 0.058 Loading class jdk/internal/loader/URLClassPath$FileLoader$1 done

Classes unloaded (0 events):
No events

Classes redefined (0 events):
No events

Internal exceptions (0 events):
No events

VM Operations (0 events):
No events

Events (14 events):
Event: 0.007 Loaded shared library C:\Program Files\Java\jdk-18.0.2.1\bin\java.dll
Event: 0.020 Loaded shared library C:\Program Files\Java\jdk-18.0.2.1\bin\jsvml.dll
Event: 0.020 Thread 0x000001d226e8ba90 Thread added: 0x000001d226e8ba90
Event: 0.023 Thread 0x000001d249a1aff0 Thread added: 0x000001d249a1aff0
Event: 0.023 Thread 0x000001d249a1b990 Thread added: 0x000001d249a1b990
Event: 0.035 Thread 0x000001d249a373f0 Thread added: 0x000001d249a373f0
Event: 0.036 Thread 0x000001d249a37d90 Thread added: 0x000001d249a37d90
Event: 0.036 Thread 0x000001d249a3a740 Thread added: 0x000001d249a3a740
Event: 0.036 Thread 0x000001d249a3b0e0 Thread added: 0x000001d249a3b0e0
Event: 0.036 Thread 0x000001d249a3bdb0 Thread added: 0x000001d249a3bdb0
Event: 0.036 Thread 0x000001d249a3c790 Thread added: 0x000001d249a3c790
Event: 0.036 Thread 0x000001d249a40670 Thread added: 0x000001d249a40670
Event: 0.055 Thread 0x000001d24dcb5b50 Thread added: 0x000001d24dcb5b50
Event: 0.059 Thread 0x000001d24dcba4a0 Thread added: 0x000001d24dcba4a0


Dynamic libraries:
0x00007ff78a0f0000 - 0x00007ff78a100000 	C:\Program Files\Java\jdk-18.0.2.1\bin\java.exe
0x00007ffbeba90000 - 0x00007ffbebca7000 	C:\WINDOWS\SYSTEM32\ntdll.dll
0x00007ffbeb1a0000 - 0x00007ffbeb264000 	C:\WINDOWS\System32\KERNEL32.DLL
0x00007ffbe8f20000 - 0x00007ffbe92c6000 	C:\WINDOWS\System32\KERNELBASE.dll
0x00007ffbe8e00000 - 0x00007ffbe8f11000 	C:\WINDOWS\System32\ucrtbase.dll
0x00007ffbd1600000 - 0x00007ffbd1618000 	C:\Program Files\Java\jdk-18.0.2.1\bin\jli.dll
0x00007ffbb6a40000 - 0x00007ffbb6a5a000 	C:\Program Files\Java\jdk-18.0.2.1\bin\VCRUNTIME140.dll
0x00007ffbea580000 - 0x00007ffbea631000 	C:\WINDOWS\System32\ADVAPI32.dll
0x00007ffbe97f0000 - 0x00007ffbe9897000 	C:\WINDOWS\System32\msvcrt.dll
0x00007ffbeb980000 - 0x00007ffbeba25000 	C:\WINDOWS\System32\sechost.dll
0x00007ffbe99f0000 - 0x00007ffbe9b07000 	C:\WINDOWS\System32\RPCRT4.dll
0x00007ffbeb7d0000 - 0x00007ffbeb97e000 	C:\WINDOWS\System32\USER32.dll
0x00007ffbe9460000 - 0x00007ffbe9486000 	C:\WINDOWS\System32\win32u.dll
0x00007ffbeb430000 - 0x00007ffbeb459000 	C:\WINDOWS\System32\GDI32.dll
0x00007ffbd5a00000 - 0x00007ffbd5c93000 	C:\WINDOWS\WinSxS\amd64_microsoft.windows.common-controls_6595b64144ccf1df_6.0.22621.2506_none_270c5ae97388e100\COMCTL32.dll
0x00007ffbe9340000 - 0x00007ffbe9458000 	C:\WINDOWS\System32\gdi32full.dll
0x00007ffbe95d0000 - 0x00007ffbe966a000 	C:\WINDOWS\System32\msvcp_win.dll
0x00007ffbdd4b0000 - 0x00007ffbdd4ba000 	C:\WINDOWS\SYSTEM32\VERSION.dll
0x00007ffbeb560000 - 0x00007ffbeb591000 	C:\WINDOWS\System32\IMM32.DLL
0x00007ffbc0090000 - 0x00007ffbc009c000 	C:\Program Files\Java\jdk-18.0.2.1\bin\vcruntime140_1.dll
0x00007ffb8a820000 - 0x00007ffb8a8ad000 	C:\Program Files\Java\jdk-18.0.2.1\bin\msvcp140.dll
0x00007ffb5a090000 - 0x00007ffb5aca1000 	C:\Program Files\Java\jdk-18.0.2.1\bin\server\jvm.dll
0x00007ffbe9910000 - 0x00007ffbe9918000 	C:\WINDOWS\System32\PSAPI.DLL
0x00007ffbddf00000 - 0x00007ffbddf34000 	C:\WINDOWS\SYSTEM32\WINMM.dll
0x00007ffbd5900000 - 0x00007ffbd5909000 	C:\WINDOWS\SYSTEM32\WSOCK32.dll
0x00007ffbe9b10000 - 0x00007ffbe9b81000 	C:\WINDOWS\System32\WS2_32.dll
0x00007ffbe7da0000 - 0x00007ffbe7db8000 	C:\WINDOWS\SYSTEM32\kernel.appcore.dll
0x00007ffbbecc0000 - 0x00007ffbbecca000 	C:\Program Files\Java\jdk-18.0.2.1\bin\jimage.dll
0x00007ffbe68a0000 - 0x00007ffbe6ad3000 	C:\WINDOWS\SYSTEM32\DBGHELP.DLL
0x00007ffbea640000 - 0x00007ffbea9c9000 	C:\WINDOWS\System32\combase.dll
0x00007ffbe9b90000 - 0x00007ffbe9c67000 	C:\WINDOWS\System32\OLEAUT32.dll
0x00007ffbcbf90000 - 0x00007ffbcbfc2000 	C:\WINDOWS\SYSTEM32\dbgcore.DLL
0x00007ffbe9550000 - 0x00007ffbe95ca000 	C:\WINDOWS\System32\bcryptPrimitives.dll
0x00007ffbb15b0000 - 0x00007ffbb15d5000 	C:\Program Files\Java\jdk-18.0.2.1\bin\java.dll
0x00007ffb8a740000 - 0x00007ffb8a816000 	C:\Program Files\Java\jdk-18.0.2.1\bin\jsvml.dll
0x00007ffbe9d20000 - 0x00007ffbea57a000 	C:\WINDOWS\System32\SHELL32.dll
0x00007ffbe6d20000 - 0x00007ffbe7616000 	C:\WINDOWS\SYSTEM32\windows.storage.dll
0x00007ffbe6be0000 - 0x00007ffbe6d1e000 	C:\WINDOWS\SYSTEM32\wintypes.dll
0x00007ffbeb6d0000 - 0x00007ffbeb7c3000 	C:\WINDOWS\System32\SHCORE.dll
0x00007ffbe9c70000 - 0x00007ffbe9cce000 	C:\WINDOWS\System32\shlwapi.dll
0x00007ffbe8d30000 - 0x00007ffbe8d56000 	C:\WINDOWS\SYSTEM32\profapi.dll

dbghelp: loaded successfully - version: 4.0.5 - missing functions: none
symbol engine: initialized successfully - sym options: 0x614 - pdb path: .;C:\Program Files\Java\jdk-18.0.2.1\bin;C:\WINDOWS\SYSTEM32;C:\WINDOWS\WinSxS\amd64_microsoft.windows.common-controls_6595b64144ccf1df_6.0.22621.2506_none_270c5ae97388e100;C:\Program Files\Java\jdk-18.0.2.1\bin\server

VM Arguments:
jvm_args: -XX:+ShowCodeDetailsInExceptionMessages 
java_command: Recursion.Asending_or_not
java_class_path (initial): C:\Users\JANAK RAJ OJHA\AppData\Roaming\Code\User\workspaceStorage\2752099bc70788a0d1e64db313c553d8\redhat.java\jdt_ws\javanew_4881d2d3\bin
Launcher Type: SUN_STANDARD

[Global flags]
     intx CICompilerCount                          = 4                                         {product} {ergonomic}
     uint ConcGCThreads                            = 2                                         {product} {ergonomic}
     uint G1ConcRefinementThreads                  = 8                                         {product} {ergonomic}
   size_t G1HeapRegionSize                         = 2097152                                   {product} {ergonomic}
    uintx GCDrainStackTargetSize                   = 64                                        {product} {ergonomic}
   size_t InitialHeapSize                          = 264241152                                 {product} {ergonomic}
   size_t MarkStackSize                            = 4194304                                   {product} {ergonomic}
   size_t MaxHeapSize                              = 4215275520                                {product} {ergonomic}
   size_t MaxNewSize                               = 2529165312                                {product} {ergonomic}
   size_t MinHeapDeltaBytes                        = 2097152                                   {product} {ergonomic}
   size_t MinHeapSize                              = 8388608                                   {product} {ergonomic}
    uintx NonNMethodCodeHeapSize                   = 5839372                                {pd product} {ergonomic}
    uintx NonProfiledCodeHeapSize                  = 122909434                              {pd product} {ergonomic}
    uintx ProfiledCodeHeapSize                     = 122909434                              {pd product} {ergonomic}
    uintx ReservedCodeCacheSize                    = 251658240                              {pd product} {ergonomic}
     bool SegmentedCodeCache                       = true                                      {product} {ergonomic}
     bool ShowCodeDetailsInExceptionMessages       = true                                   {manageable} {command line}
   size_t SoftMaxHeapSize                          = 4215275520                             {manageable} {ergonomic}
     bool UseCompressedClassPointers               = true                           {product lp64_product} {ergonomic}
     bool UseCompressedOops                        = true                           {product lp64_product} {ergonomic}
     bool UseG1GC                                  = true                                      {product} {ergonomic}
     bool UseLargePagesIndividualAllocation        = false                                  {pd product} {ergonomic}

Logging:
Log output configuration:
 #0: stdout all=warning uptime,level,tags foldmultilines=false
 #1: stderr all=off uptime,level,tags foldmultilines=false

Environment Variables:
PATH=C:\WINDOWS\system32;C:\WINDOWS;C:\WINDOWS\System32\Wbem;C:\WINDOWS\System32\WindowsPowerShell\v1.0\;C:\WINDOWS\System32\OpenSSH\;C:\MinGW\mingw32\bin;C:\MinGW\bin;C:\Program Files\Java\jdk-18.0.2.1\bin;C:\Users\JANAK RAJ OJHA\anaconda3;C:\Users\JANAK RAJ OJHA\Desktop\Ml project;C:\Program Files\MySQL\MySQL Server 5.5\bin;C:\Program Files\Git\cmd;;C:\Program Files\Git LFS;C:\Program Files\nodejs\;C:\ProgramData\anaconda3;C:\Users\JANAK RAJ OJHA\AppData\Roaming\npm;C:\Users\JANAK RAJ OJHA\AppData\Local\Programs\Microsoft VS Code\bin;C:\Users\JANAK RAJ OJHA\AppData\Roaming\Python\Python310\Scripts;
USERNAME=JANAK RAJ OJHA
LANG=en_US.UTF-8
OS=Windows_NT
PROCESSOR_IDENTIFIER=Intel64 Family 6 Model 140 Stepping 1, GenuineIntel



---------------  S Y S T E M  ---------------

OS:
 Windows 11 , 64 bit Build 22621 (10.0.22621.2506)
OS uptime: 0 days 0:37 hours

CPU: total 8 (initial active 8) (4 cores per cpu, 2 threads per core) family 6 model 140 stepping 1 microcode 0x86, cx8, cmov, fxsr, ht, mmx, 3dnowpref, sse, sse2, sse3, ssse3, sse4.1, sse4.2, popcnt, lzcnt, tsc, tscinvbit, avx, avx2, aes, erms, clmul, bmi1, bmi2, adx, avx512f, avx512dq, avx512cd, avx512bw, avx512vl, sha, fma, vzeroupper, avx512_vpopcntdq, avx512_vpclmulqdq, avx512_vaes, avx512_vnni, clflush, clflushopt, clwb, avx512_vbmi2, avx512_vbmi

Memory: 4k page, system-wide physical 16077M (8306M free)
TotalPageFile size 18509M (AvailPageFile size 9293M)
current process WorkingSet (physical memory assigned to process): 27M, peak: 27M
current process commit charge ("private bytes"): 338M, peak: 338M

vm_info: Java HotSpot(TM) 64-Bit Server VM (18.0.2.1+1-1) for windows-amd64 JRE (18.0.2.1+1-1), built on Aug 16 2022 01:46:33 by "mach5one" with MS VC++ 16.8 / 16.9 (VS2019)

END.
